<?xml version="1.0" encoding="UTF-8"?>
<testsuite xmlns:xsi="http://www.w3.org/2001/XMLSchema-instance" xsi:noNamespaceSchemaLocation="https://maven.apache.org/surefire/maven-surefire-plugin/xsd/surefire-test-report-3.0.xsd" version="3.0" name="com.example.gateway_service.GatewayServiceApplicationTests" time="3.981" tests="1" errors="0" skipped="0" failures="0">
  <properties>
[...]
</properties>
  <testcase name="contextLoads" classname="com.example.gateway_service.GatewayServiceApplicationTests" time="0.72">
    <system-out><![CDATA[02:49:17.353 [main] INFO org.springframework.test.context.support.AnnotationConfigContextLoaderUtils -- Could not detect default configuration classes for test class [com.example.gateway_service.GatewayServiceApplicationTests]: GatewayServiceApplicationTests does not declare any static, non-private, non-final, nested classes annotated with @Configuration.
02:49:17.483 [main] INFO org.springframework.boot.test.context.SpringBootTestContextBootstrapper -- Found @SpringBootConfiguration com.example.gateway_service.GatewayServiceApplication for test class com.example.gateway_service.GatewayServiceApplicationTests
02:49:17.612 [main] INFO org.springframework.boot.devtools.restart.RestartApplicationListener -- Restart disabled due to context in which it is running

  .   ____          _            __ _ _
 /\\ / ___'_ __ _ _(_)_ __  __ _ \ \ \ \
( ( )\___ | '_ | '_| | '_ \/ _` | \ \ \ \
 \\/  ___)| |_)| | | | | || (_| |  ) ) ) )
  '  |____| .__|_| |_|_| |_\__, | / / / /
 =========|_|==============|___/=/_/_/_/

 :: Spring Boot ::                (v3.3.4)

2025-04-01T02:49:17.976-05:00  INFO 42105 --- [gateway-service] [           main] c.e.g.GatewayServiceApplicationTests     : Starting GatewayServiceApplicationTests using Java 17.0.14 with PID 42105 (started by meghanasatya in /Users/meghanasatya/Downloads/medixpress/backend-service/gateway-service)
2025-04-01T02:49:17.978-05:00  INFO 42105 --- [gateway-service] [           main] c.e.g.GatewayServiceApplicationTests     : No active profile set, falling back to 1 default profile: "default"
2025-04-01T02:49:19.106-05:00  INFO 42105 --- [gateway-service] [           main] o.s.cloud.context.scope.GenericScope     : BeanFactory id=c26235ba-fe0c-3492-bc06-1ff343976393
2025-04-01T02:49:19.995-05:00  INFO 42105 --- [gateway-service] [           main] o.s.c.g.r.RouteDefinitionRouteLocator    : Loaded RoutePredicateFactory [After]
2025-04-01T02:49:19.996-05:00  INFO 42105 --- [gateway-service] [           main] o.s.c.g.r.RouteDefinitionRouteLocator    : Loaded RoutePredicateFactory [Before]
2025-04-01T02:49:19.996-05:00  INFO 42105 --- [gateway-service] [           main] o.s.c.g.r.RouteDefinitionRouteLocator    : Loaded RoutePredicateFactory [Between]
2025-04-01T02:49:19.996-05:00  INFO 42105 --- [gateway-service] [           main] o.s.c.g.r.RouteDefinitionRouteLocator    : Loaded RoutePredicateFactory [Cookie]
2025-04-01T02:49:19.996-05:00  INFO 42105 --- [gateway-service] [           main] o.s.c.g.r.RouteDefinitionRouteLocator    : Loaded RoutePredicateFactory [Header]
2025-04-01T02:49:19.996-05:00  INFO 42105 --- [gateway-service] [           main] o.s.c.g.r.RouteDefinitionRouteLocator    : Loaded RoutePredicateFactory [Host]
2025-04-01T02:49:19.996-05:00  INFO 42105 --- [gateway-service] [           main] o.s.c.g.r.RouteDefinitionRouteLocator    : Loaded RoutePredicateFactory [Method]
2025-04-01T02:49:19.996-05:00  INFO 42105 --- [gateway-service] [           main] o.s.c.g.r.RouteDefinitionRouteLocator    : Loaded RoutePredicateFactory [Path]
2025-04-01T02:49:19.996-05:00  INFO 42105 --- [gateway-service] [           main] o.s.c.g.r.RouteDefinitionRouteLocator    : Loaded RoutePredicateFactory [Query]
2025-04-01T02:49:19.996-05:00  INFO 42105 --- [gateway-service] [           main] o.s.c.g.r.RouteDefinitionRouteLocator    : Loaded RoutePredicateFactory [ReadBody]
2025-04-01T02:49:19.996-05:00  INFO 42105 --- [gateway-service] [           main] o.s.c.g.r.RouteDefinitionRouteLocator    : Loaded RoutePredicateFactory [RemoteAddr]
2025-04-01T02:49:19.996-05:00  INFO 42105 --- [gateway-service] [           main] o.s.c.g.r.RouteDefinitionRouteLocator    : Loaded RoutePredicateFactory [XForwardedRemoteAddr]
2025-04-01T02:49:19.997-05:00  INFO 42105 --- [gateway-service] [           main] o.s.c.g.r.RouteDefinitionRouteLocator    : Loaded RoutePredicateFactory [Weight]
2025-04-01T02:49:19.997-05:00  INFO 42105 --- [gateway-service] [           main] o.s.c.g.r.RouteDefinitionRouteLocator    : Loaded RoutePredicateFactory [CloudFoundryRouteService]
2025-04-01T02:49:20.389-05:00  INFO 42105 --- [gateway-service] [           main] c.e.g.GatewayServiceApplicationTests     : Started GatewayServiceApplicationTests in 2.79 seconds (process running for 3.842)
]]></system-out>
  </testcase>
</testsuite>